<?xml version="1.0" encoding="UTF-8"?>
<!-- Generated by org.testng.reporters.JUnitReportReporter -->
<testsuite hostname="NHCLPT520" failures="0" tests="6" name="org.runner.Runner" time="422.676" errors="0" timestamp="21 Mar 2023 05:49:15 GMT" skipped="0">
  <testcase classname="org.runner.Runner" name="runScenario" time="4.670"/>
  <testcase classname="org.runner.Runner" name="runScenario" time="380.755"/>
  <testcase classname="org.runner.Runner" name="runScenario" time="12.316"/>
  <testcase classname="org.runner.Runner" name="runScenario" time="8.633"/>
  <testcase classname="org.runner.Runner" name="runScenario" time="4.633"/>
  <testcase classname="org.runner.Runner" name="runScenario" time="11.669"/>
</testsuite> <!-- org.runner.Runner -->
